2021-03-10 16:25:29 | [INFO]    | Discordia 2.8.4
2021-03-10 16:25:29 | [INFO]    | Connecting to Discord...
2021-03-10 16:25:29 | [INFO]    | Authenticated as Anti Tony 2000#4074
2021-03-10 16:25:30 | [INFO]    | Launching shard 0 (1 out of 1)...
2021-03-10 16:25:30 | [INFO]    | Shard 0 : Connected to wss://gateway.discord.gg
2021-03-10 16:25:30 | [INFO]    | Shard 0 : Received HELLO
2021-03-10 16:25:30 | [INFO]    | Shard 0 : Received READY
2021-03-10 16:26:45 | [INFO]    | Discordia 2.8.4
2021-03-10 16:26:45 | [INFO]    | Connecting to Discord...
2021-03-10 16:26:45 | [INFO]    | Authenticated as Anti Tony 2000#4074
2021-03-10 16:26:45 | [INFO]    | Launching shard 0 (1 out of 1)...
2021-03-10 16:26:45 | [INFO]    | Shard 0 : Connected to wss://gateway.discord.gg
2021-03-10 16:26:45 | [INFO]    | Shard 0 : Received HELLO
2021-03-10 16:26:45 | [INFO]    | Shard 0 : Received READY
2021-03-10 16:27:27 | [INFO]    | Discordia 2.8.4
2021-03-10 16:27:27 | [INFO]    | Connecting to Discord...
2021-03-10 16:27:27 | [INFO]    | Authenticated as Anti Tony 2000#4074
2021-03-10 16:27:27 | [INFO]    | Launching shard 0 (1 out of 1)...
2021-03-10 16:27:28 | [INFO]    | Shard 0 : Connected to wss://gateway.discord.gg
2021-03-10 16:27:28 | [INFO]    | Shard 0 : Received HELLO
2021-03-10 16:27:28 | [INFO]    | Shard 0 : Received READY
2021-03-10 16:30:45 | [INFO]    | Discordia 2.8.4
2021-03-10 16:30:45 | [INFO]    | Connecting to Discord...
2021-03-10 16:30:46 | [INFO]    | Authenticated as Anti Tony 2000#4074
2021-03-10 16:30:46 | [INFO]    | Launching shard 0 (1 out of 1)...
2021-03-10 16:30:46 | [INFO]    | Shard 0 : Connected to wss://gateway.discord.gg
2021-03-10 16:30:46 | [INFO]    | Shard 0 : Received HELLO
2021-03-10 16:30:46 | [INFO]    | Shard 0 : Received READY
2021-03-10 16:33:35 | [INFO]    | Discordia 2.8.4
2021-03-10 16:33:35 | [INFO]    | Connecting to Discord...
2021-03-10 16:33:35 | [INFO]    | Authenticated as Anti Tony 2000#4074
2021-03-10 16:33:35 | [INFO]    | Launching shard 0 (1 out of 1)...
2021-03-10 16:33:36 | [INFO]    | Shard 0 : Connected to wss://gateway.discord.gg
2021-03-10 16:33:36 | [INFO]    | Shard 0 : Received HELLO
2021-03-10 16:33:36 | [INFO]    | Shard 0 : Received READY
2021-03-10 16:34:01 | [INFO]    | Discordia 2.8.4
2021-03-10 16:34:01 | [INFO]    | Connecting to Discord...
2021-03-10 16:34:01 | [INFO]    | Authenticated as Anti Tony 2000#4074
2021-03-10 16:34:01 | [INFO]    | Launching shard 0 (1 out of 1)...
2021-03-10 16:34:02 | [INFO]    | Shard 0 : Connected to wss://gateway.discord.gg
2021-03-10 16:34:02 | [INFO]    | Shard 0 : Received HELLO
2021-03-10 16:34:02 | [INFO]    | Shard 0 : Received READY
2021-03-10 16:48:47 | [INFO]    | Discordia 2.8.4
2021-03-10 16:48:47 | [INFO]    | Connecting to Discord...
2021-03-10 16:48:47 | [INFO]    | Authenticated as Anti Tony 2000#4074
2021-03-10 16:48:47 | [INFO]    | Launching shard 0 (1 out of 1)...
2021-03-10 16:48:47 | [INFO]    | Shard 0 : Connected to wss://gateway.discord.gg
2021-03-10 16:48:47 | [INFO]    | Shard 0 : Received HELLO
2021-03-10 16:48:48 | [INFO]    | Shard 0 : Received READY
